<?xml version="1.0" encoding="UTF-8"?>
<testsuite name="lesson12.runners.TestRunner" tests="0" skipped="0" failures="0" errors="0" timestamp="1970-01-01T00:00:00" hostname="LAPTOP-M0746137" time="0.0">
  <properties/>
  <system-out><![CDATA[

?[33mUndefined scenarios:?[0m
?[33msrc/test/resources/features/MyFirstCucumber.feature:5 ?[0m# Open browser at least

2 Scenarios (?[33m1 undefined?[0m, ?[32m1 passed?[0m)
11 Steps (?[33m1 undefined?[0m, ?[32m10 passed?[0m)
0m33.486s


You can implement missing steps with the snippets below:

@Then("Open dogs category")
public void open_dogs_category() {
    // Write code here that turns the phrase above into concrete actions
    throw new cucumber.api.PendingException();
}

]]></system-out>
  <system-err><![CDATA[Nov 05, 2020 10:03:07 PM cucumber.runtime.java.ObjectFactoryLoader loadSingleObjectFactory
WARNING: Use deprecated reflections to load ObjectFactory.
]]></system-err>
</testsuite>
