<?xml version="1.0" encoding="UTF-8"?>
<testsuite name="lesson12.runners.TestRunner" tests="0" skipped="0" failures="0" errors="0" timestamp="1970-01-01T00:00:00" hostname="LAPTOP-M0746137" time="0.0">
  <properties/>
  <system-out><![CDATA[

1 Scenarios (?[32m1 passed?[0m)
8 Steps (?[32m8 passed?[0m)
0m38.361s

]]></system-out>
  <system-err><![CDATA[Nov 11, 2020 12:11:01 AM cucumber.runtime.java.ObjectFactoryLoader loadSingleObjectFactory
WARNING: Use deprecated reflections to load ObjectFactory.
]]></system-err>
</testsuite>
